<?xml version="1.0" encoding="UTF-8"?>
<testsuite xmlns:xsi="http://www.w3.org/2001/XMLSchema-instance" xsi:noNamespaceSchemaLocation="https://maven.apache.org/surefire/maven-surefire-plugin/xsd/surefire-test-report-3.0.xsd" version="3.0" name="com.example.restaurantrater.RestaurantraterApplicationTests" time="4.7" tests="1" errors="0" skipped="0" failures="0">
  <properties>
[...]
</properties>
  <testcase name="contextLoads" classname="com.example.restaurantrater.RestaurantraterApplicationTests" time="0.606">
    <system-out><![CDATA[20:49:04.797 [main] INFO org.springframework.test.context.support.AnnotationConfigContextLoaderUtils -- Could not detect default configuration classes for test class [com.example.restaurantrater.RestaurantraterApplicationTests]: RestaurantraterApplicationTests does not declare any static, non-private, non-final, nested classes annotated with @Configuration.
20:49:04.890 [main] INFO org.springframework.boot.test.context.SpringBootTestContextBootstrapper -- Found @SpringBootConfiguration com.example.restaurantrater.RestaurantraterApplication for test class com.example.restaurantrater.RestaurantraterApplicationTests

  .   ____          _            __ _ _
 /\\ / ___'_ __ _ _(_)_ __  __ _ \ \ \ \
( ( )\___ | '_ | '_| | '_ \/ _` | \ \ \ \
 \\/  ___)| |_)| | | | | || (_| |  ) ) ) )
  '  |____| .__|_| |_|_| |_\__, | / / / /
 =========|_|==============|___/=/_/_/_/
 :: Spring Boot ::                (v3.1.0)

2024-10-06T20:49:05.278-04:00  INFO 1397806 --- [           main] c.e.r.RestaurantraterApplicationTests    : Starting RestaurantraterApplicationTests using Java 17.0.6 with PID 1397806 (started by sh4ck1et0n in /home/sh4ck1et0n/RestaurantRater)
2024-10-06T20:49:05.280-04:00  INFO 1397806 --- [           main] c.e.r.RestaurantraterApplicationTests    : No active profile set, falling back to 1 default profile: "default"
2024-10-06T20:49:05.940-04:00  INFO 1397806 --- [           main] .s.d.r.c.RepositoryConfigurationDelegate : Bootstrapping Spring Data JPA repositories in DEFAULT mode.
2024-10-06T20:49:05.990-04:00  INFO 1397806 --- [           main] .s.d.r.c.RepositoryConfigurationDelegate : Finished Spring Data repository scanning in 42 ms. Found 1 JPA repository interfaces.
2024-10-06T20:49:06.438-04:00  INFO 1397806 --- [           main] o.hibernate.jpa.internal.util.LogHelper  : HHH000204: Processing PersistenceUnitInfo [name: default]
2024-10-06T20:49:06.484-04:00  INFO 1397806 --- [           main] org.hibernate.Version                    : HHH000412: Hibernate ORM core version 6.2.2.Final
2024-10-06T20:49:06.487-04:00  INFO 1397806 --- [           main] org.hibernate.cfg.Environment            : HHH000406: Using bytecode reflection optimizer
2024-10-06T20:49:06.607-04:00  INFO 1397806 --- [           main] o.h.b.i.BytecodeProviderInitiator        : HHH000021: Bytecode provider name : bytebuddy
2024-10-06T20:49:06.711-04:00  INFO 1397806 --- [           main] o.s.o.j.p.SpringPersistenceUnitInfo      : No LoadTimeWeaver setup: ignoring JPA class transformer
2024-10-06T20:49:06.726-04:00  INFO 1397806 --- [           main] com.zaxxer.hikari.HikariDataSource       : HikariPool-1 - Starting...
2024-10-06T20:49:06.924-04:00  INFO 1397806 --- [           main] com.zaxxer.hikari.pool.HikariPool        : HikariPool-1 - Added connection conn0: url=jdbc:h2:file:~/h2db/admin_db user=ADMIN
2024-10-06T20:49:06.926-04:00  INFO 1397806 --- [           main] com.zaxxer.hikari.HikariDataSource       : HikariPool-1 - Start completed.
2024-10-06T20:49:06.947-04:00  INFO 1397806 --- [           main] org.hibernate.orm.dialect                : HHH035001: Using dialect: org.hibernate.dialect.H2Dialect, version: 2.1.214
2024-10-06T20:49:07.139-04:00  INFO 1397806 --- [           main] o.h.b.i.BytecodeProviderInitiator        : HHH000021: Bytecode provider name : bytebuddy
2024-10-06T20:49:07.649-04:00  INFO 1397806 --- [           main] o.h.e.t.j.p.i.JtaPlatformInitiator       : HHH000490: Using JtaPlatform implementation: [org.hibernate.engine.transaction.jta.platform.internal.NoJtaPlatform]
Hibernate: drop table if exists restaurant cascade 
Hibernate: drop table if exists review cascade 
Hibernate: drop table if exists reviewer cascade 
Hibernate: create table restaurant (id bigint generated by default as identity, city varchar(255) not null, name varchar(255) not null, zipcode varchar(255) not null, primary key (id))
Hibernate: create table review (dairy_score integer, egg_score integer, peanut_score integer, id bigint generated by default as identity, restaurant_id bigint not null, reviewer_id bigint not null unique, comments varchar(255) not null, status varchar(255) check (status in ('PENDING','ACCEPTED','REJECTED')), primary key (id))
Hibernate: create table reviewer (dairy_allergy_interest boolean not null, egg_allergy_interest boolean not null, is_admin boolean not null, peanut_allergy_interest boolean not null, state varchar(2) not null, zipcode integer not null, id bigint generated by default as identity, city varchar(255) not null, password varchar(255) not null, username varchar(255) not null unique, primary key (id))
Hibernate: alter table if exists review add constraint FK70ry7cuti298yxet366rynxch foreign key (restaurant_id) references restaurant
Hibernate: alter table if exists review add constraint FKag25ofikrsv5sujkbnlbaud4v foreign key (reviewer_id) references reviewer
2024-10-06T20:49:07.701-04:00  INFO 1397806 --- [           main] o.h.t.s.i.e.GenerationTargetToDatabase   : HHH000476: Executing script 'file:/home/sh4ck1et0n/RestaurantRater/target/classes/import.sql'
Hibernate: INSERT INTO restaurant (id, name, city, ZIPCODE) VALUES (1, 'Pizza Planet', 'Tampa', 12345)
Hibernate: INSERT INTO restaurant (id, name, city, ZIPCODE) VALUES (2, 'Dorsia', 'New York City', 54321)
Hibernate: INSERT INTO restaurant (id, name, city, ZIPCODE) VALUES (3, 'Los Pollos Hermanos', 'Albaquerque', 13579)
Hibernate: INSERT INTO restaurant (id, name, city, ZIPCODE) VALUES (4, 'The Three Broomsticks', 'Hogsmeade', 24680)
Hibernate: INSERT INTO restaurant (id, name, city, ZIPCODE) VALUES (5, 'Mos Eisley Cantina', 'Tatooine', 09876)
2024-10-06T20:49:07.706-04:00  INFO 1397806 --- [           main] j.LocalContainerEntityManagerFactoryBean : Initialized JPA EntityManagerFactory for persistence unit 'default'
2024-10-06T20:49:08.048-04:00  WARN 1397806 --- [           main] JpaBaseConfiguration$JpaWebConfiguration : spring.jpa.open-in-view is enabled by default. Therefore, database queries may be performed during view rendering. Explicitly configure spring.jpa.open-in-view to disable this warning
2024-10-06T20:49:08.316-04:00  INFO 1397806 --- [           main] o.s.s.web.DefaultSecurityFilterChain     : Will secure Or [Mvc [pattern='/h2-console/**']] with [org.springframework.security.web.session.DisableEncodeUrlFilter@893081e, org.springframework.security.web.context.request.async.WebAsyncManagerIntegrationFilter@5a941fb4, org.springframework.security.web.context.SecurityContextHolderFilter@4b808427, org.springframework.security.web.header.HeaderWriterFilter@229fe7ab, org.springframework.security.web.authentication.logout.LogoutFilter@7ac47f14, org.springframework.security.web.savedrequest.RequestCacheAwareFilter@6771fc29, org.springframework.security.web.servletapi.SecurityContextHolderAwareRequestFilter@52b6561b, org.springframework.security.web.authentication.AnonymousAuthenticationFilter@646ddc20, org.springframework.security.web.access.ExceptionTranslationFilter@3b850bb7, org.springframework.security.web.access.intercept.AuthorizationFilter@220e1b7b]
2024-10-06T20:49:08.330-04:00  INFO 1397806 --- [           main] o.s.s.web.DefaultSecurityFilterChain     : Will secure any request with [org.springframework.security.web.session.DisableEncodeUrlFilter@24fb752f, org.springframework.security.web.context.request.async.WebAsyncManagerIntegrationFilter@68dbe225, org.springframework.security.web.context.SecurityContextHolderFilter@2e76d0d3, org.springframework.security.web.header.HeaderWriterFilter@22a22f1, org.springframework.security.web.csrf.CsrfFilter@3d8e1fa6, org.springframework.security.web.authentication.logout.LogoutFilter@52b49891, org.springframework.security.web.authentication.UsernamePasswordAuthenticationFilter@527d1fe1, org.springframework.security.web.savedrequest.RequestCacheAwareFilter@63c88994, org.springframework.security.web.servletapi.SecurityContextHolderAwareRequestFilter@1932ad2c, org.springframework.security.web.authentication.AnonymousAuthenticationFilter@145ef9e8, org.springframework.security.web.access.ExceptionTranslationFilter@4587f0f9, org.springframework.security.web.access.intercept.AuthorizationFilter@7940b729]
2024-10-06T20:49:08.589-04:00  INFO 1397806 --- [           main] o.s.b.a.h2.H2ConsoleAutoConfiguration    : H2 console available at '/h2-console'. Database available at 'jdbc:h2:file:~/h2db/admin_db'
2024-10-06T20:49:08.671-04:00  INFO 1397806 --- [           main] c.e.r.RestaurantraterApplicationTests    : Started RestaurantraterApplicationTests in 3.641 seconds (process running for 4.712)
]]></system-out>
  </testcase>
</testsuite>